#
# There is insufficient memory for the Java Runtime Environment to continue.
# Native memory allocation (mmap) failed to map 88080384 bytes for committing reserved memory.
# Possible reasons:
#   The system is out of physical RAM or swap space
#   In 32 bit mode, the process size limit was hit
# Possible solutions:
#   Reduce memory load on the system
#   Increase physical memory or swap space
#   Check if swap backing store is full
#   Use 64 bit Java on a 64 bit OS
#   Decrease Java heap size (-Xmx/-Xms)
#   Decrease number of Java threads
#   Decrease Java thread stack sizes (-Xss)
#   Set larger code cache with -XX:ReservedCodeCacheSize=
# This output file may be truncated or incomplete.
#
#  Out of Memory Error (os_linux.cpp:2671), pid=1327, tid=140290952230656
#
# JRE version: Java(TM) SE Runtime Environment (8.0_25-b17) (build 1.8.0_25-b17)
# Java VM: Java HotSpot(TM) 64-Bit Server VM (25.25-b02 mixed mode linux-amd64 compressed oops)
# Failed to write core dump. Core dumps have been disabled. To enable core dumping, try "ulimit -c unlimited" before starting Java again
#

---------------  T H R E A D  ---------------

Current thread (0x00007f981c073800):  VMThread [stack: 0x00007f98084f7000,0x00007f98085f8000] [id=1334]

Stack: [0x00007f98084f7000,0x00007f98085f8000],  sp=0x00007f98085f6140,  free space=1020k
Native frames: (J=compiled Java code, j=interpreted, Vv=VM code, C=native code)
V  [libjvm.so+0xa7923a]  VMError::report_and_die()+0x2ca
V  [libjvm.so+0x4e552b]  report_vm_out_of_memory(char const*, int, unsigned long, VMErrorType, char const*)+0x8b
V  [libjvm.so+0x8e5613]  os::Linux::commit_memory_impl(char*, unsigned long, bool)+0x103
V  [libjvm.so+0x8e5b69]  os::pd_commit_memory(char*, unsigned long, unsigned long, bool)+0x29
V  [libjvm.so+0x8df83a]  os::commit_memory(char*, unsigned long, unsigned long, bool)+0x2a
V  [libjvm.so+0x94f923]  PSVirtualSpace::expand_by(unsigned long)+0x53
V  [libjvm.so+0x950d28]  PSYoungGen::resize_generation(unsigned long, unsigned long)+0xf8
V  [libjvm.so+0x94fe82]  PSYoungGen::resize(unsigned long, unsigned long)+0x22
V  [libjvm.so+0x94d163]  PSScavenge::invoke_no_policy()+0xf53
V  [libjvm.so+0x94d8e1]  PSScavenge::invoke()+0x41
V  [libjvm.so+0x907800]  ParallelScavengeHeap::failed_mem_allocate(unsigned long)+0x70
V  [libjvm.so+0xa7a8b7]  VM_ParallelGCFailedAllocation::doit()+0x97
V  [libjvm.so+0xa81fd5]  VM_Operation::evaluate()+0x55
V  [libjvm.so+0xa803aa]  VMThread::evaluate_operation(VM_Operation*)+0xba
V  [libjvm.so+0xa8072e]  VMThread::loop()+0x1ce
V  [libjvm.so+0xa80ba0]  VMThread::run()+0x70
V  [libjvm.so+0x8e7d48]  java_start(Thread*)+0x108

VM_Operation (0x00007f98022a9f30): ParallelGCFailedAllocation, mode: safepoint, requested by thread 0x00007f97bc00e000


---------------  P R O C E S S  ---------------

Java Threads: ( => current thread )
  0x00007f97c000d000 JavaThread "Stdin handler" [_thread_blocked, id=3169, stack(0x00007f9801fac000,0x00007f98020ad000)]
  0x00007f97bc00e000 JavaThread "Daemon worker Thread 2" [_thread_blocked, id=3166, stack(0x00007f98021ae000,0x00007f98022af000)]
  0x00007f97bc008000 JavaThread "Cancel handler" [_thread_blocked, id=3165, stack(0x00007f98024af000,0x00007f98025b0000)]
  0x00007f97bc005800 JavaThread "Handler for socket connection from /127.0.0.1:57483 to /127.0.0.1:41421" [_thread_in_native, id=3164, stack(0x00007f98020ad000,0x00007f98021ae000)]
  0x00007f97c8008800 JavaThread "Daemon Thread 2" [_thread_blocked, id=3163, stack(0x00007f98025b0000,0x00007f98026b1000)]
  0x00007f97b872b800 JavaThread "File lock request listener" [_thread_in_native, id=1385, stack(0x00007f98011f9000,0x00007f98012fa000)]
  0x00007f981ca56000 JavaThread "Incoming local TCP Connector on port 57483" [_thread_in_native, id=1353, stack(0x00007f98026b1000,0x00007f98027b2000)]
  0x00007f981c0d0800 JavaThread "Service Thread" daemon [_thread_blocked, id=1343, stack(0x00007f980352e000,0x00007f980362f000)]
  0x00007f981c0b0800 JavaThread "C1 CompilerThread2" daemon [_thread_blocked, id=1342, stack(0x00007f980362f000,0x00007f9803730000)]
  0x00007f981c0ae800 JavaThread "C2 CompilerThread1" daemon [_thread_blocked, id=1339, stack(0x00007f9803730000,0x00007f9803831000)]
  0x00007f981c0ab800 JavaThread "C2 CompilerThread0" daemon [_thread_blocked, id=1338, stack(0x00007f98080f3000,0x00007f98081f4000)]
  0x00007f981c0a9800 JavaThread "Signal Dispatcher" daemon [_thread_blocked, id=1337, stack(0x00007f98081f4000,0x00007f98082f5000)]
  0x00007f981c07c800 JavaThread "Finalizer" daemon [_thread_blocked, id=1336, stack(0x00007f98082f5000,0x00007f98083f6000)]
  0x00007f981c07a800 JavaThread "Reference Handler" daemon [_thread_blocked, id=1335, stack(0x00007f98083f6000,0x00007f98084f7000)]
  0x00007f981c00a000 JavaThread "main" [_thread_blocked, id=1329, stack(0x00007f9822ce8000,0x00007f9822de9000)]

Other Threads:
=>0x00007f981c073800 VMThread [stack: 0x00007f98084f7000,0x00007f98085f8000] [id=1334]
  0x00007f981c0d2800 WatcherThread [stack: 0x00007f980342d000,0x00007f980352e000] [id=1349]

VM state:at safepoint (normal execution)

VM Mutex/Monitor currently owned by a thread:  ([mutex/lock_event])
[0x00007f981c006640] Threads_lock - owner thread: 0x00007f981c073800
[0x00007f981c006b40] Heap_lock - owner thread: 0x00007f97bc00e000

Heap:
 PSYoungGen      total 246272K, used 16875K [0x00000000eab00000, 0x00000000fac00000, 0x0000000100000000)
  eden space 229376K, 0% used [0x00000000eab00000,0x00000000eab00000,0x00000000f8b00000)
  from space 16896K, 99% used [0x00000000f8b00000,0x00000000f9b7af70,0x00000000f9b80000)
  to   space 16896K, 0% used [0x00000000f9b80000,0x00000000f9b80000,0x00000000fac00000)
 ParOldGen       total 76800K, used 50675K [0x00000000c0000000, 0x00000000c4b00000, 0x00000000eab00000)
  object space 76800K, 65% used [0x00000000c0000000,0x00000000c317ced8,0x00000000c4b00000)
 Metaspace       used 55089K, capacity 57096K, committed 57344K, reserved 1097728K
  class space    used 7442K, capacity 8192K, committed 8192K, reserved 1048576K

Card table byte_map: [0x00007f980c824000,0x00007f980ca25000] byte_map_base: 0x00007f980c224000

Marking Bits: (ParMarkBitMap*) 0x00007f98221cc2c0
 Begin Bits: [0x00007f980a2ca000, 0x00007f980b2ca000)
 End Bits:   [0x00007f980b2ca000, 0x00007f980c2ca000)

Polling page: 0x00007f9822e0c000

CodeCache: size=245760Kb used=20363Kb max_used=20372Kb free=225396Kb
 bounds [0x00007f980cde5000, 0x00007f980e1e5000, 0x00007f981bde5000]
 total_blobs=6326 nmethods=5647 adapters=592
 compilation: enabled

Compilation events (10 events):
Event: 164.213 Thread 0x00007f981c0b0800 6615       2       java.lang.Class$MethodArray::addAllIfNotPresent (32 bytes)
Event: 164.213 Thread 0x00007f981c0b0800 nmethod 6615 0x00007f980d389c10 code [0x00007f980d389d80, 0x00007f980d389fa8]
Event: 164.227 Thread 0x00007f981c0b0800 6616       3       org.codehaus.groovy.runtime.callsite.AbstractCallSite::call (10 bytes)
Event: 164.227 Thread 0x00007f981c0b0800 nmethod 6616 0x00007f980d3894d0 code [0x00007f980d389660, 0x00007f980d389a88]
Event: 164.708 Thread 0x00007f981c0b0800 6617       3       org.gradle.api.internal.file.collections.DirectoryFileTree::walkDir (311 bytes)
Event: 164.716 Thread 0x00007f981c0b0800 nmethod 6617 0x00007f980e1c4f90 code [0x00007f980e1c5520, 0x00007f980e1c9088]
Event: 164.723 Thread 0x00007f981c0b0800 6618       3       java.util.HashMap$HashIterator::remove (77 bytes)
Event: 164.724 Thread 0x00007f981c0b0800 nmethod 6618 0x00007f980dd51bd0 code [0x00007f980dd51d80, 0x00007f980dd52358]
Event: 164.732 Thread 0x00007f981c0b0800 6619   !   3       org.gradle.launcher.daemon.server.exec.LogToClient$1::onOutput (39 bytes)
Event: 164.733 Thread 0x00007f981c0b0800 nmethod 6619 0x00007f980e1c44d0 code [0x00007f980e1c46a0, 0x00007f980e1c4c78]

GC Heap History (10 events):
Event: 9.724 GC heap after
Heap after GC invocations=11 (full 1):
 PSYoungGen      total 175104K, used 8757K [0x00000000eab00000, 0x00000000f7e80000, 0x0000000100000000)
  eden space 161280K, 0% used [0x00000000eab00000,0x00000000eab00000,0x00000000f4880000)
  from space 13824K, 63% used [0x00000000f5600000,0x00000000f5e8d478,0x00000000f6380000)
  to   space 13824K, 0% used [0x00000000f4880000,0x00000000f4880000,0x00000000f5600000)
 ParOldGen       total 51200K, used 18900K [0x00000000c0000000, 0x00000000c3200000, 0x00000000eab00000)
  object space 51200K, 36% used [0x00000000c0000000,0x00000000c1275158,0x00000000c3200000)
 Metaspace       used 34500K, capacity 35346K, committed 35456K, reserved 1079296K
  class space    used 4633K, capacity 4983K, committed 4992K, reserved 1048576K
}
Event: 9.724 GC heap before
{Heap before GC invocations=12 (full 2):
 PSYoungGen      total 175104K, used 8757K [0x00000000eab00000, 0x00000000f7e80000, 0x0000000100000000)
  eden space 161280K, 0% used [0x00000000eab00000,0x00000000eab00000,0x00000000f4880000)
  from space 13824K, 63% used [0x00000000f5600000,0x00000000f5e8d478,0x00000000f6380000)
  to   space 13824K, 0% used [0x00000000f4880000,0x00000000f4880000,0x00000000f5600000)
 ParOldGen       total 51200K, used 18900K [0x00000000c0000000, 0x00000000c3200000, 0x00000000eab00000)
  object space 51200K, 36% used [0x00000000c0000000,0x00000000c1275158,0x00000000c3200000)
 Metaspace       used 34500K, capacity 35346K, committed 35456K, reserved 1079296K
  class space    used 4633K, capacity 4983K, committed 4992K, reserved 1048576K
Event: 9.839 GC heap after
Heap after GC invocations=12 (full 2):
 PSYoungGen      total 175104K, used 0K [0x00000000eab00000, 0x00000000f7e80000, 0x0000000100000000)
  eden space 161280K, 0% used [0x00000000eab00000,0x00000000eab00000,0x00000000f4880000)
  from space 13824K, 0% used [0x00000000f5600000,0x00000000f5600000,0x00000000f6380000)
  to   space 13824K, 0% used [0x00000000f4880000,0x00000000f4880000,0x00000000f5600000)
 ParOldGen       total 76800K, used 20925K [0x00000000c0000000, 0x00000000c4b00000, 0x00000000eab00000)
  object space 76800K, 27% used [0x00000000c0000000,0x00000000c146f708,0x00000000c4b00000)
 Metaspace       used 34500K, capacity 35346K, committed 35456K, reserved 1079296K
  class space    used 4633K, capacity 4983K, committed 4992K, reserved 1048576K
}
Event: 12.662 GC heap before
{Heap before GC invocations=13 (full 2):
 PSYoungGen      total 175104K, used 161280K [0x00000000eab00000, 0x00000000f7e80000, 0x0000000100000000)
  eden space 161280K, 100% used [0x00000000eab00000,0x00000000f4880000,0x00000000f4880000)
  from space 13824K, 0% used [0x00000000f5600000,0x00000000f5600000,0x00000000f6380000)
  to   space 13824K, 0% used [0x00000000f4880000,0x00000000f4880000,0x00000000f5600000)
 ParOldGen       total 76800K, used 20925K [0x00000000c0000000, 0x00000000c4b00000, 0x00000000eab00000)
  object space 76800K, 27% used [0x00000000c0000000,0x00000000c146f708,0x00000000c4b00000)
 Metaspace       used 39808K, capacity 41056K, committed 41344K, reserved 1085440K
  class space    used 5419K, capacity 5941K, committed 6016K, reserved 1048576K
Event: 12.727 GC heap after
Heap after GC invocations=13 (full 2):
 PSYoungGen      total 175104K, used 13803K [0x00000000eab00000, 0x00000000fac00000, 0x0000000100000000)
  eden space 161280K, 0% used [0x00000000eab00000,0x00000000eab00000,0x00000000f4880000)
  from space 13824K, 99% used [0x00000000f4880000,0x00000000f55faf80,0x00000000f5600000)
  to   space 16896K, 0% used [0x00000000f9b80000,0x00000000f9b80000,0x00000000fac00000)
 ParOldGen       total 76800K, used 25422K [0x00000000c0000000, 0x00000000c4b00000, 0x00000000eab00000)
  object space 76800K, 33% used [0x00000000c0000000,0x00000000c18d3958,0x00000000c4b00000)
 Metaspace       used 39808K, capacity 41056K, committed 41344K, reserved 1085440K
  class space    used 5419K, capacity 5941K, committed 6016K, reserved 1048576K
}
Event: 25.968 GC heap before
{Heap before GC invocations=14 (full 2):
 PSYoungGen      total 175104K, used 105761K [0x00000000eab00000, 0x00000000fac00000, 0x0000000100000000)
  eden space 161280K, 57% used [0x00000000eab00000,0x00000000f04cd7d8,0x00000000f4880000)
  from space 13824K, 99% used [0x00000000f4880000,0x00000000f55faf80,0x00000000f5600000)
  to   space 16896K, 0% used [0x00000000f9b80000,0x00000000f9b80000,0x00000000fac00000)
 ParOldGen       total 76800K, used 25422K [0x00000000c0000000, 0x00000000c4b00000, 0x00000000eab00000)
  object space 76800K, 33% used [0x00000000c0000000,0x00000000c18d3958,0x00000000c4b00000)
 Metaspace       used 47205K, capacity 48610K, committed 48896K, reserved 1091584K
  class space    used 6363K, capacity 6861K, committed 6912K, reserved 1048576K
Event: 25.998 GC heap after
Heap after GC invocations=14 (full 2):
 PSYoungGen      total 246272K, used 9903K [0x00000000eab00000, 0x00000000fac00000, 0x0000000100000000)
  eden space 229376K, 0% used [0x00000000eab00000,0x00000000eab00000,0x00000000f8b00000)
  from space 16896K, 58% used [0x00000000f9b80000,0x00000000fa52bed8,0x00000000fac00000)
  to   space 16896K, 0% used [0x00000000f8b00000,0x00000000f8b00000,0x00000000f9b80000)
 ParOldGen       total 76800K, used 38602K [0x00000000c0000000, 0x00000000c4b00000, 0x00000000eab00000)
  object space 76800K, 50% used [0x00000000c0000000,0x00000000c25b2a78,0x00000000c4b00000)
 Metaspace       used 47205K, capacity 48610K, committed 48896K, reserved 1091584K
  class space    used 6363K, capacity 6861K, committed 6912K, reserved 1048576K
}
Event: 25.998 GC heap before
{Heap before GC invocations=15 (full 3):
 PSYoungGen      total 246272K, used 9903K [0x00000000eab00000, 0x00000000fac00000, 0x0000000100000000)
  eden space 229376K, 0% used [0x00000000eab00000,0x00000000eab00000,0x00000000f8b00000)
  from space 16896K, 58% used [0x00000000f9b80000,0x00000000fa52bed8,0x00000000fac00000)
  to   space 16896K, 0% used [0x00000000f8b00000,0x00000000f8b00000,0x00000000f9b80000)
 ParOldGen       total 76800K, used 38602K [0x00000000c0000000, 0x00000000c4b00000, 0x00000000eab00000)
  object space 76800K, 50% used [0x00000000c0000000,0x00000000c25b2a78,0x00000000c4b00000)
 Metaspace       used 47205K, capacity 48610K, committed 48896K, reserved 1091584K
  class space    used 6363K, capacity 6861K, committed 6912K, reserved 1048576K
Event: 26.317 GC heap after
Heap after GC invocations=15 (full 3):
 PSYoungGen      total 246272K, used 0K [0x00000000eab00000, 0x00000000fac00000, 0x0000000100000000)
  eden space 229376K, 0% used [0x00000000eab00000,0x00000000eab00000,0x00000000f8b00000)
  from space 16896K, 0% used [0x00000000f9b80000,0x00000000f9b80000,0x00000000fac00000)
  to   space 16896K, 0% used [0x00000000f8b00000,0x00000000f8b00000,0x00000000f9b80000)
 ParOldGen       total 76800K, used 42637K [0x00000000c0000000, 0x00000000c4b00000, 0x00000000eab00000)
  object space 76800K, 55% used [0x00000000c0000000,0x00000000c29a3430,0x00000000c4b00000)
 Metaspace       used 47172K, capacity 48496K, committed 48896K, reserved 1091584K
  class space    used 6355K, capacity 6827K, committed 6912K, reserved 1048576K
}
Event: 167.449 GC heap before
{Heap before GC invocations=16 (full 3):
 PSYoungGen      total 246272K, used 229376K [0x00000000eab00000, 0x00000000fac00000, 0x0000000100000000)
  eden space 229376K, 100% used [0x00000000eab00000,0x00000000f8b00000,0x00000000f8b00000)
  from space 16896K, 0% used [0x00000000f9b80000,0x00000000f9b80000,0x00000000fac00000)
  to   space 16896K, 0% used [0x00000000f8b00000,0x00000000f8b00000,0x00000000f9b80000)
 ParOldGen       total 76800K, used 42637K [0x00000000c0000000, 0x00000000c4b00000, 0x00000000eab00000)
  object space 76800K, 55% used [0x00000000c0000000,0x00000000c29a3430,0x00000000c4b00000)
 Metaspace       used 55089K, capacity 57096K, committed 57344K, reserved 1097728K
  class space    used 7442K, capacity 8192K, committed 8192K, reserved 1048576K

Deoptimization events (10 events):
Event: 24.661 Thread 0x00007f97bc008000 Uncommon trap: reason=class_check action=maybe_recompile pc=0x00007f980d160da4 method=java.lang.StringCoding$StringDecoder.decode([BII)[C @ 30
Event: 24.661 Thread 0x00007f97bc008000 Uncommon trap: reason=class_check action=maybe_recompile pc=0x00007f980d197ea0 method=java.lang.StringCoding$StringDecoder.decode([BII)[C @ 30
Event: 24.662 Thread 0x00007f97bc008000 Uncommon trap: reason=class_check action=maybe_recompile pc=0x00007f980cff7990 method=java.lang.StringCoding$StringDecoder.decode([BII)[C @ 30
Event: 25.049 Thread 0x00007f97bc008000 Uncommon trap: reason=array_check action=maybe_recompile pc=0x00007f980d914920 method=java.util.AbstractCollection.toArray([Ljava/lang/Object;)[Ljava/lang/Object; @ 119
Event: 25.049 Thread 0x00007f97bc008000 Uncommon trap: reason=array_check action=maybe_recompile pc=0x00007f980d914920 method=java.util.AbstractCollection.toArray([Ljava/lang/Object;)[Ljava/lang/Object; @ 119
Event: 25.049 Thread 0x00007f97bc008000 Uncommon trap: reason=array_check action=maybe_recompile pc=0x00007f980d914920 method=java.util.AbstractCollection.toArray([Ljava/lang/Object;)[Ljava/lang/Object; @ 119
Event: 25.357 Thread 0x00007f97bc008000 Uncommon trap: reason=bimorphic action=maybe_recompile pc=0x00007f980d9b1fa4 method=java.util.Hashtable.addEntry(ILjava/lang/Object;Ljava/lang/Object;I)V @ 38
Event: 25.358 Thread 0x00007f97bc008000 Uncommon trap: reason=bimorphic action=maybe_recompile pc=0x00007f980d9b1fa4 method=java.util.Hashtable.addEntry(ILjava/lang/Object;Ljava/lang/Object;I)V @ 38
Event: 144.237 Thread 0x00007f97bc00e000 Uncommon trap: reason=unloaded action=reinterpret pc=0x00007f980d690500 method=com.sun.beans.TypeResolver.resolve(Ljava/lang/reflect/Type;Ljava/lang/reflect/Type;)Ljava/lang/reflect/Type; @ 175
Event: 144.372 Thread 0x00007f97bc00e000 Uncommon trap: reason=null_check action=make_not_entrant pc=0x00007f980cfd05bc method=groovy.lang.MetaClassImpl.distanceToObject(Ljava/lang/Class;)I @ 7

Internal exceptions (10 events):
Event: 164.726 Thread 0x00007f97bc00e000 Exception <a 'java/security/PrivilegedActionException'> (0x00000000f8a9c470) thrown at [/HUDSON/workspace/8-2-build-linux-amd64/jdk8u25/1514/hotspot/src/share/vm/prims/jvm.cpp, line 1312]
Event: 164.726 Thread 0x00007f97bc00e000 Exception <a 'java/security/PrivilegedActionException'> (0x00000000f8a9d658) thrown at [/HUDSON/workspace/8-2-build-linux-amd64/jdk8u25/1514/hotspot/src/share/vm/prims/jvm.cpp, line 1312]
Event: 164.726 Thread 0x00007f97bc00e000 Exception <a 'java/security/PrivilegedActionException'> (0x00000000f8a9e518) thrown at [/HUDSON/workspace/8-2-build-linux-amd64/jdk8u25/1514/hotspot/src/share/vm/prims/jvm.cpp, line 1312]
Event: 164.726 Thread 0x00007f97bc00e000 Exception <a 'java/security/PrivilegedActionException'> (0x00000000f8aa49c0) thrown at [/HUDSON/workspace/8-2-build-linux-amd64/jdk8u25/1514/hotspot/src/share/vm/prims/jvm.cpp, line 1312]
Event: 164.727 Thread 0x00007f97bc00e000 Exception <a 'java/lang/ClassNotFoundException': com/android/build/gradle/internal/core/MergedNdkConfigBeanInfo> (0x00000000f8aa4f40) thrown at [/HUDSON/workspace/8-2-build-linux-amd64/jdk8u25/1514/hotspot/src/share/vm/classfile/systemDictionary.cpp, line
Event: 164.727 Thread 0x00007f97bc00e000 Exception <a 'java/security/PrivilegedActionException'> (0x00000000f8aaa640) thrown at [/HUDSON/workspace/8-2-build-linux-amd64/jdk8u25/1514/hotspot/src/share/vm/prims/jvm.cpp, line 1312]
Event: 164.727 Thread 0x00007f97bc00e000 Exception <a 'java/security/PrivilegedActionException'> (0x00000000f8aab6b0) thrown at [/HUDSON/workspace/8-2-build-linux-amd64/jdk8u25/1514/hotspot/src/share/vm/prims/jvm.cpp, line 1312]
Event: 164.727 Thread 0x00007f97bc00e000 Exception <a 'java/security/PrivilegedActionException'> (0x00000000f8aac598) thrown at [/HUDSON/workspace/8-2-build-linux-amd64/jdk8u25/1514/hotspot/src/share/vm/prims/jvm.cpp, line 1312]
Event: 164.727 Thread 0x00007f97bc00e000 Exception <a 'java/security/PrivilegedActionException'> (0x00000000f8ab2d58) thrown at [/HUDSON/workspace/8-2-build-linux-amd64/jdk8u25/1514/hotspot/src/share/vm/prims/jvm.cpp, line 1312]
Event: 164.727 Thread 0x00007f97bc00e000 Exception <a 'java/lang/ClassNotFoundException': com/android/build/gradle/internal/core/MergedNdkConfigCustomizer> (0x00000000f8ab32d8) thrown at [/HUDSON/workspace/8-2-build-linux-amd64/jdk8u25/1514/hotspot/src/share/vm/classfile/systemDictionary.cpp, li

Events (10 events):
Event: 164.725 loading class groovy/runtime/metaclass/com/android/build/gradle/internal/core/MergedNdkConfigMetaClass done
Event: 164.726 loading class com/android/build/gradle/internal/core/MergedNdkConfigBeanInfo
Event: 164.726 loading class com/android/build/gradle/internal/core/MergedNdkConfigBeanInfo done
Event: 164.726 loading class com/android/build/gradle/internal/core/MergedNdkConfigBeanInfo
Event: 164.726 loading class com/android/build/gradle/internal/core/MergedNdkConfigBeanInfo done
Event: 164.727 loading class com/android/build/gradle/internal/core/MergedNdkConfigCustomizer
Event: 164.727 loading class com/android/build/gradle/internal/core/MergedNdkConfigCustomizer done
Event: 164.727 loading class com/android/build/gradle/internal/core/MergedNdkConfigCustomizer
Event: 164.727 loading class com/android/build/gradle/internal/core/MergedNdkConfigCustomizer done
Event: 166.310 Executing VM operation: ParallelGCFailedAllocation


Dynamic libraries:
00400000-00401000 r-xp 00000000 08:01 1075860                            /home/itachi/android/jdk1.8.0_25/bin/java
00600000-00601000 rw-p 00000000 08:01 1075860                            /home/itachi/android/jdk1.8.0_25/bin/java
010e2000-01103000 rw-p 00000000 00:00 0                                  [heap]
c0000000-c4b00000 rw-p 00000000 00:00 0 
c4b00000-eab00000 ---p 00000000 00:00 0 
eab00000-fac00000 rw-p 00000000 00:00 0 
100000000-100800000 rw-p 00000000 00:00 0 
100800000-140000000 ---p 00000000 00:00 0 
7f9794000000-7f9794021000 rw-p 00000000 00:00 0 
7f9794021000-7f9798000000 ---p 00000000 00:00 0 
7f9798000000-7f9798021000 rw-p 00000000 00:00 0 
7f9798021000-7f979c000000 ---p 00000000 00:00 0 
7f979c000000-7f979c021000 rw-p 00000000 00:00 0 
7f979c021000-7f97a0000000 ---p 00000000 00:00 0 
7f97a0000000-7f97a0021000 rw-p 00000000 00:00 0 
7f97a0021000-7f97a4000000 ---p 00000000 00:00 0 
7f97a4000000-7f97a4021000 rw-p 00000000 00:00 0 
7f97a4021000-7f97a8000000 ---p 00000000 00:00 0 
7f97a8000000-7f97a8021000 rw-p 00000000 00:00 0 
7f97a8021000-7f97ac000000 ---p 00000000 00:00 0 
7f97ac000000-7f97ac021000 rw-p 00000000 00:00 0 
7f97ac021000-7f97b0000000 ---p 00000000 00:00 0 
7f97b0000000-7f97b0021000 rw-p 00000000 00:00 0 
7f97b0021000-7f97b4000000 ---p 00000000 00:00 0 
7f97b4000000-7f97b4021000 rw-p 00000000 00:00 0 
7f97b4021000-7f97b8000000 ---p 00000000 00:00 0 
7f97b8000000-7f97b8e63000 rw-p 00000000 00:00 0 
7f97b8e63000-7f97bc000000 ---p 00000000 00:00 0 
7f97bc000000-7f97bc02a000 rw-p 00000000 00:00 0 
7f97bc02a000-7f97c0000000 ---p 00000000 00:00 0 
7f97c0000000-7f97c052a000 rw-p 00000000 00:00 0 
7f97c052a000-7f97c4000000 ---p 00000000 00:00 0 
7f97c4000000-7f97c4021000 rw-p 00000000 00:00 0 
7f97c4021000-7f97c8000000 ---p 00000000 00:00 0 
7f97c8000000-7f97c802c000 rw-p 00000000 00:00 0 
7f97c802c000-7f97cc000000 ---p 00000000 00:00 0 
7f97cc000000-7f97cca22000 rw-p 00000000 00:00 0 
7f97cca22000-7f97d0000000 ---p 00000000 00:00 0 
7f97d0000000-7f97d0021000 rw-p 00000000 00:00 0 
7f97d0021000-7f97d4000000 ---p 00000000 00:00 0 
7f97d4000000-7f97d5f2a000 rw-p 00000000 00:00 0 
7f97d5f2a000-7f97d8000000 ---p 00000000 00:00 0 
7f97d8000000-7f97d95d0000 rw-p 00000000 00:00 0 
7f97d95d0000-7f97dc000000 ---p 00000000 00:00 0 
7f97dc000000-7f97dc021000 rw-p 00000000 00:00 0 
7f97dc021000-7f97e0000000 ---p 00000000 00:00 0 
7f97e0000000-7f97e0021000 rw-p 00000000 00:00 0 
7f97e0021000-7f97e4000000 ---p 00000000 00:00 0 
7f97e4000000-7f97e437d000 rw-p 00000000 00:00 0 
7f97e437d000-7f97e8000000 ---p 00000000 00:00 0 
7f97e8000000-7f97e8021000 rw-p 00000000 00:00 0 
7f97e8021000-7f97ec000000 ---p 00000000 00:00 0 
7f97ec000000-7f97ec021000 rw-p 00000000 00:00 0 
7f97ec021000-7f97f0000000 ---p 00000000 00:00 0 
7f97f4000000-7f97f4021000 rw-p 00000000 00:00 0 
7f97f4021000-7f97f8000000 ---p 00000000 00:00 0 
7f97fb0fb000-7f97fb2fb000 rw-p 00000000 00:00 0 
7f97fb2fb000-7f97fb4fb000 rw-p 00000000 00:00 0 
7f97fb4fb000-7f97fb6fb000 rw-p 00000000 00:00 0 
7f97fb6fb000-7f97fb6fe000 ---p 00000000 00:00 0 
7f97fb6fe000-7f97fb9fc000 rw-p 00000000 00:00 0 
7f97fb9fc000-7f97fb9ff000 ---p 00000000 00:00 0 
7f97fb9ff000-7f97fbafd000 rw-p 00000000 00:00 0 
7f97fbafd000-7f97fbb00000 ---p 00000000 00:00 0 
7f97fbb00000-7f97fbbfe000 rw-p 00000000 00:00 0 
7f97fbbfe000-7f97fbc01000 ---p 00000000 00:00 0 
7f97fbc01000-7f97fbcff000 rw-p 00000000 00:00 0 
7f97fbcff000-7f97fbd02000 ---p 00000000 00:00 0 
7f97fbd02000-7f97fc000000 rw-p 00000000 00:00 0 
7f97fc000000-7f97fc021000 rw-p 00000000 00:00 0 
7f97fc021000-7f9800000000 ---p 00000000 00:00 0 
7f98000fc000-7f98002fc000 rw-p 00000000 00:00 0 
7f98002fc000-7f98004fc000 rw-p 00000000 00:00 0 
7f98004fc000-7f980050f000 r--s 00344000 08:01 1075803                    /home/itachi/android/jdk1.8.0_25/jre/lib/resources.jar
7f980050f000-7f980070f000 rw-p 00000000 00:00 0 
7f980070f000-7f980090f000 rw-p 00000000 00:00 0 
7f980090f000-7f9800b0f000 rw-p 00000000 00:00 0 
7f9800b0f000-7f9800d0f000 rw-p 00000000 00:00 0 
7f9800d0f000-7f9800d17000 r--s 000a8000 08:01 5129600                    /home/itachi/.gradle/caches/modules-2/files-2.1/com.android.tools.external.lombok/lombok-ast/0.2.3/528b6f8bde3157f17530aa366631f2aad2a6cf9/lombok-ast-0.2.3.jar
7f9800d17000-7f9800d19000 r--s 0000d000 08:01 1070201                    /home/itachi/android/android-studio/gradle/m2repository/commons-codec/commons-codec/1.4/commons-codec-1.4.jar
7f9800d19000-7f9800d1b000 r--s 0000d000 08:01 1069961                    /home/itachi/android/android-studio/gradle/m2repository/commons-logging/commons-logging/1.1.1/commons-logging-1.1.1.jar
7f9800d1b000-7f9800d20000 r--s 00028000 08:01 1069995                    /home/itachi/android/android-studio/gradle/m2repository/org/apache/httpcomponents/httpcore/4.1/httpcore-4.1.jar
7f9800d20000-7f9800d21000 r--s 00004000 08:01 5129599                    /home/itachi/.gradle/caches/modules-2/files-2.1/org.ow2.asm/asm-analysis/5.0.3/c7126aded0e8e13fed5f913559a0dd7b770a10f3/asm-analysis-5.0.3.jar
7f9800d21000-7f9800d24000 r--s 0002b000 08:01 5129598                    /home/itachi/.gradle/caches/modules-2/files-2.1/com.android.tools.lint/lint-api/24.1.0/9a6402908bd51daff42be25133460d41ebf87aa5/lint-api-24.1.0.jar
7f9800d24000-7f9800d25000 r--s 0000a000 08:01 1070197                    /home/itachi/android/android-studio/gradle/m2repository/net/sf/kxml/kxml2/2.3.0/kxml2-2.3.0.jar
7f9800d25000-7f9800d50000 r--s 001f9000 08:01 1070085                    /home/itachi/android/android-studio/gradle/m2repository/com/google/guava/guava/17.0/guava-17.0.jar
7f9800d50000-7f9800d55000 r--s 0002a000 08:01 5129597                    /home/itachi/.gradle/caches/modules-2/files-2.1/com.google.code.gson/gson/2.2.4/a60a5e993c98c864010053cb901b7eab25306568/gson-2.2.4.jar
7f9800d55000-7f9800d57000 r--s 00005000 08:01 1069988                    /home/itachi/android/android-studio/gradle/m2repository/org/apache/httpcomponents/httpmime/4.1/httpmime-4.1.jar
7f9800d57000-7f9800d5f000 r--s 0004e000 08:01 1070004                    /home/itachi/android/android-studio/gradle/m2repository/org/apache/httpcomponents/httpclient/4.1.1/httpclient-4.1.1.jar
7f9800d5f000-7f9800d66000 r--s 00053000 08:01 1070012                    /home/itachi/android/android-studio/gradle/m2repository/org/apache/commons/commons-compress/1.8.1/commons-compress-1.8.1.jar
7f9800d66000-7f9800d67000 r--s 00005000 08:01 5129528                    /home/itachi/.gradle/caches/modules-2/files-2.1/com.android.tools/dvlib/24.1.0/4b9aacb441f6606c1db38e9439835051c9de949d/dvlib-24.1.0.jar
7f9800d67000-7f9800d6a000 r--s 00012000 08:01 5129527                    /home/itachi/.gradle/caches/modules-2/files-2.1/com.android.tools.layoutlib/layoutlib-api/24.1.0/63415f186b7b45f484b4f30e397d896161a2007e/layoutlib-api-24.1.0.jar
7f9800d6a000-7f9800d6b000 r--s 00001000 08:01 5129526                    /home/itachi/.gradle/caches/modules-2/files-2.1/com.android.tools/annotations/24.1.0/c46621fcff318b446a44c2c6a8955fad55943d9d/annotations-24.1.0.jar
7f9800d6b000-7f9800d7b000 r--s 000d3000 08:01 1070179                    /home/itachi/android/android-studio/gradle/m2repository/net/sf/proguard/proguard-base/5.1/proguard-base-5.1.jar
7f9800d7b000-7f9800d8d000 r--s 00220000 08:01 5129525                    /home/itachi/.gradle/caches/modules-2/files-2.1/org.eclipse.jdt.core.compiler/ecj/4.4/fe0a961ce7cca03dd3c9b3775c0133229e8231a6/ecj-4.4.jar
7f9800d8d000-7f9800d92000 r--s 00091000 08:01 5129524                    /home/itachi/.gradle/caches/modules-2/files-2.1/com.android.tools.lint/lint-checks/24.1.0/c394f6a07698272eda27e91007f9ec409bc7a9d7/lint-checks-24.1.0.jar
7f9800d92000-7f9800d94000 r--s 00006000 08:01 5129523                    /home/itachi/.gradle/caches/modules-2/files-2.1/org.ow2.asm/asm-tree/5.0.3/287749b48ba7162fb67c93a026d690b29f410bed/asm-tree-5.0.3.jar
7f9800d94000-7f9800d95000 r--s 0000c000 08:01 5129522                    /home/itachi/.gradle/caches/modules-2/files-2.1/org.ow2.asm/asm/5.0.3/dcc2193db20e19e1feca8b1240dbbc4e190824fa/asm-5.0.3.jar
7f9800d95000-7f9800dc8000 r--s 00203000 08:01 1070036                    /home/itachi/android/android-studio/gradle/m2repository/org/bouncycastle/bcprov-jdk15on/1.48/bcprov-jdk15on-1.48.jar
7f9800dc8000-7f9800dd6000 r--s 00081000 08:01 1070030                    /home/itachi/android/android-studio/gradle/m2repository/org/bouncycastle/bcpkix-jdk15on/1.48/bcpkix-jdk15on-1.48.jar
7f9800dd6000-7f9800dd8000 r--s 00002000 08:01 1070075                    /home/itachi/android/android-studio/gradle/m2repository/com/squareup/javawriter/2.5.0/javawriter-2.5.0.jar
7f9800dd8000-7f9800ddd000 r--s 00042000 08:01 5129521                    /home/itachi/.gradle/caches/modules-2/files-2.1/com.android.tools.ddms/ddmlib/24.1.0/4bc7008e373e3ebf21bfce712ce608958b33ed5f/ddmlib-24.1.0.jar
7f9800ddd000-7f9800de1000 r--s 00029000 08:01 5129520                    /home/itachi/.gradle/caches/modules-2/files-2.1/com.android.tools.build/manifest-merger/24.1.0/a832aa3ca2490f2f136031e677d28fdadaa5dfdd/manifest-merger-24.1.0.jar
7f9800de1000-7f9800de3000 r--s 00012000 08:01 5129519                    /home/itachi/.gradle/caches/modules-2/files-2.1/com.android.tools/common/24.1.0/9286b07233acf19ab794ca2a3c2d34e322fe686c/common-24.1.0.jar
7f9800de3000-7f9800dea000 r--s 0005e000 08:01 5129518                    /home/itachi/.gradle/caches/modules-2/files-2.1/com.android.tools/sdk-common/24.1.0/3a9865958bd5cffe94bfcd2e4982bec361b20132/sdk-common-24.1.0.jar
7f9800dea000-7f9800df3000 r--s 000a9000 08:01 5129517                    /home/itachi/.gradle/caches/modules-2/files-2.1/com.android.tools/sdklib/24.1.0/b018c7d1b32bb94513df6f86e4d0172e05c88502/sdklib-24.1.0.jar
7f9800df3000-7f9800df4000 r--s 00002000 08:01 5129516                    /home/itachi/.gradle/caches/modules-2/files-2.1/com.android.tools.build/builder-test-api/1.1.0/3d7a12067241871da8e3b8068d04115b8d674fc0/builder-test-api-1.1.0.jar
7f9800df4000-7f9800df6000 r--s 00004000 08:01 5129515                    /home/itachi/.gradle/caches/modules-2/files-2.1/com.android.tools.build/builder-model/1.1.0/2d6509052ec50b7a4656c43a92a6550c88dc7a97/builder-model-1.1.0.jar
7f9800df6000-7f9800df7000 r--s 00002000 08:01 1070184                    /home/itachi/android/android-studio/gradle/m2repository/net/sf/proguard/proguard-gradle/5.1/proguard-gradle-5.1.jar
7f9800df7000-7f9800df9000 r--s 0001a000 08:01 5129514                    /home/itachi/.gradle/caches/modules-2/files-2.1/com.android.tools.lint/lint/24.1.0/b290f4004a5629272c418817af2899532074484/lint-24.1.0.jar
7f9800df9000-7f9800ff9000 rw-p 00000000 00:00 0 
7f9800ff9000-7f98011f9000 rw-p 00000000 00:00 0 
7f98011f9000-7f98011fc000 ---p 00000000 00:00 0 
7f98011fc000-7f98014fa000 rw-p 00000000 00:00 0                          [stack:1385]
7f98014fa000-7f98016fa000 rw-p 00000000 00:00 0 
7f98016fa000-7f98018fa000 rw-p 00000000 00:00 0 
7f98018fa000-7f98018fd000 ---p 00000000 00:00 0 
7f98018fd000-7f9801b33000 rw-p 00000000 00:00 0 
7f9801b33000-7f9801d33000 rw-p 00000000 00:00 0 
7f9801d33000-7f9801f33000 rw-p 00000000 00:00 0 
7f9801f33000-7f9801fac000 r--s 010df000 08:01 1075444                    /home/itachi/android/jdk1.8.0_25/lib/tools.jar
7f9801fac000-7f9801faf000 ---p 00000000 00:00 0 
7f9801faf000-7f98020ad000 rw-p 00000000 00:00 0                          [stack:3169]
7f98020ad000-7f98020b0000 ---p 00000000 00:00 0 
7f98020b0000-7f98021ae000 rw-p 00000000 00:00 0                          [stack:3164]
7f98021ae000-7f98021b1000 ---p 00000000 00:00 0 
7f98021b1000-7f98024af000 rw-p 00000000 00:00 0                          [stack:3166]
7f98024af000-7f98024b2000 ---p 00000000 00:00 0 
7f98024b2000-7f98025b0000 rw-p 00000000 00:00 0                          [stack:3165]
7f98025b0000-7f98025b3000 ---p 00000000 00:00 0 
7f98025b3000-7f98026b1000 rw-p 00000000 00:00 0                          [stack:3163]
7f98026b1000-7f98026b4000 ---p 00000000 00:00 0 
7f98026b4000-7f98027b2000 rw-p 00000000 00:00 0                          [stack:1353]
7f98027b2000-7f98027c3000 r-xp 00000000 08:01 1075760                    /home/itachi/android/jdk1.8.0_25/jre/lib/amd64/libnio.so
7f98027c3000-7f98029c2000 ---p 00011000 08:01 1075760                    /home/itachi/android/jdk1.8.0_25/jre/lib/amd64/libnio.so
7f98029c2000-7f98029c3000 rw-p 00010000 08:01 1075760                    /home/itachi/android/jdk1.8.0_25/jre/lib/amd64/libnio.so
7f98029c3000-7f98029d9000 r-xp 00000000 08:01 1075736                    /home/itachi/android/jdk1.8.0_25/jre/lib/amd64/libnet.so
7f98029d9000-7f9802bd9000 ---p 00016000 08:01 1075736                    /home/itachi/android/jdk1.8.0_25/jre/lib/amd64/libnet.so
7f9802bd9000-7f9802bda000 rw-p 00016000 08:01 1075736                    /home/itachi/android/jdk1.8.0_25/jre/lib/amd64/libnet.so
7f9802bda000-7f9802bef000 r-xp 00000000 08:01 265739                     /lib/x86_64-linux-gnu/libgcc_s.so.1
7f9802bef000-7f9802dee000 ---p 00015000 08:01 265739                     /lib/x86_64-linux-gnu/libgcc_s.so.1
7f9802dee000-7f9802def000 r--p 00014000 08:01 265739                     /lib/x86_64-linux-gnu/libgcc_s.so.1
7f9802def000-7f9802df0000 rw-p 00015000 08:01 265739                     /lib/x86_64-linux-gnu/libgcc_s.so.1
7f9802df0000-7f9802ed5000 r-xp 00000000 08:01 4988963                    /usr/lib/x86_64-linux-gnu/libstdc++.so.6.0.17
7f9802ed5000-7f98030d4000 ---p 000e5000 08:01 4988963                    /usr/lib/x86_64-linux-gnu/libstdc++.so.6.0.17
7f98030d4000-7f98030dc000 r--p 000e4000 08:01 4988963                    /usr/lib/x86_64-linux-gnu/libstdc++.so.6.0.17
7f98030dc000-7f98030de000 rw-p 000ec000 08:01 4988963                    /usr/lib/x86_64-linux-gnu/libstdc++.so.6.0.17
7f98030de000-7f98030f4000 rw-p 00000000 00:00 0 
7f98030f4000-7f98030f9000 r--s 00034000 08:01 5129513                    /home/itachi/.gradle/caches/modules-2/files-2.1/com.android.tools.build/builder/1.1.0/4a93937fea291dda4429a8edac37941f823b63a0/builder-1.1.0.jar
7f98030f9000-7f980310a000 r--s 00140000 08:01 5129512                    /home/itachi/.gradle/caches/modules-2/files-2.1/com.android.tools.build/gradle-core/1.1.0/8bffc0f7a182f540c6876279eb0ae36d8b5e046/gradle-core-1.1.0.jar
7f980310a000-7f980310b000 r--s 00009000 08:01 5129511                    /home/itachi/.gradle/caches/modules-2/files-2.1/com.android.tools.build/gradle/1.1.0/522472f1302bfd203089d31fe1eb08b789f28f2f/gradle-1.1.0.jar
7f980310b000-7f980310c000 r--p 00000000 00:00 0 
7f980310c000-7f9803113000 r--s 00000000 08:01 5390830                    /usr/lib/x86_64-linux-gnu/gconv/gconv-modules.cache
7f9803113000-7f9803117000 r-xp 00000000 08:01 5118899                    /tmp/native-platform692184407342020662dir/libnative-platform.so
7f9803117000-7f9803316000 ---p 00004000 08:01 5118899                    /tmp/native-platform692184407342020662dir/libnative-platform.so
7f9803316000-7f9803317000 rw-p 00003000 08:01 5118899                    /tmp/native-platform692184407342020662dir/libnative-platform.so
7f9803317000-7f980331b000 r--s 00093000 08:01 1075780                    /home/itachi/android/jdk1.8.0_25/jre/lib/jsse.jar
7f980331b000-7f980331c000 r--s 00001000 08:01 1069943                    /home/itachi/android/android-studio/gradle/gradle-2.2.1/lib/plugins/gradle-plugin-development-2.2.1.jar
7f980331c000-7f980331e000 r--s 00002000 08:01 1069864                    /home/itachi/android/android-studio/gradle/gradle-2.2.1/lib/plugins/gradle-cunit-2.2.1.jar
7f980331e000-7f9803323000 r--s 00036000 08:01 1069932                    /home/itachi/android/android-studio/gradle/gradle-2.2.1/lib/plugins/gradle-ide-native-2.2.1.jar
7f9803323000-7f9803328000 r--s 00013000 08:01 1069902                    /home/itachi/android/android-studio/gradle/gradle-2.2.1/lib/plugins/gradle-language-native-2.2.1.jar
7f9803328000-7f9803333000 r--s 0004d000 08:01 1069915                    /home/itachi/android/android-studio/gradle/gradle-2.2.1/lib/plugins/gradle-platform-native-2.2.1.jar
7f9803333000-7f9803335000 r--s 00008000 08:01 1069886                    /home/itachi/android/android-studio/gradle/gradle-2.2.1/lib/plugins/gradle-language-groovy-2.2.1.jar
7f9803335000-7f980333a000 r--s 00022000 08:01 1069951                    /home/itachi/android/android-studio/gradle/gradle-2.2.1/lib/plugins/gradle-language-java-2.2.1.jar
7f980333a000-7f980333d000 r--s 00007000 08:01 1069920                    /home/itachi/android/android-studio/gradle/gradle-2.2.1/lib/plugins/gradle-language-jvm-2.2.1.jar
7f980333d000-7f9803340000 r--s 00009000 08:01 1069889                    /home/itachi/android/android-studio/gradle/gradle-2.2.1/lib/plugins/gradle-platform-jvm-2.2.1.jar
7f9803340000-7f9803345000 r--s 00018000 08:01 1069867                    /home/itachi/android/android-studio/gradle/gradle-2.2.1/lib/plugins/gradle-platform-base-2.2.1.jar
7f9803345000-7f980334a000 r--s 00026000 08:01 1069953                    /home/itachi/android/android-studio/gradle/gradle-2.2.1/lib/plugins/gradle-build-init-2.2.1.jar
7f980334a000-7f980334d000 r--s 0001d000 08:01 1069933                    /home/itachi/android/android-studio/gradle/gradle-2.2.1/lib/plugins/gradle-jacoco-2.2.1.jar
7f980334d000-7f9803350000 r--s 0000d000 08:01 1069925                    /home/itachi/android/android-studio/gradle/gradle-2.2.1/lib/plugins/gradle-ivy-2.2.1.jar
7f9803350000-7f9803352000 r--s 00002000 08:01 1069927                    /home/itachi/android/android-studio/gradle/gradle-2.2.1/lib/plugins/gradle-publish-2.2.1.jar
7f9803352000-7f9803354000 r--s 00005000 08:01 1069894                    /home/itachi/android/android-studio/gradle/gradle-2.2.1/lib/plugins/jatl-0.2.2.jar
7f9803354000-7f9803356000 r--s 0000f000 08:01 1069922                    /home/itachi/android/android-studio/gradle/gradle-2.2.1/lib/plugins/gradle-reporting-2.2.1.jar
7f9803356000-7f980335b000 r--s 00034000 08:01 1069929                    /home/itachi/android/android-studio/gradle/gradle-2.2.1/lib/plugins/gradle-diagnostics-2.2.1.jar
7f980335b000-7f9803362000 r--s 00090000 08:01 1069871                    /home/itachi/android/android-studio/gradle/gradle-2.2.1/lib/plugins/gradle-build-comparison-2.2.1.jar
7f9803362000-7f9803369000 r--s 00035000 08:01 1069910                    /home/itachi/android/android-studio/gradle/gradle-2.2.1/lib/plugins/simple-4.1.21.jar
7f9803369000-7f9803375000 r--s 00100000 08:01 1069941                    /home/itachi/android/android-studio/gradle/gradle-2.2.1/lib/plugins/rhino-1.7R3.jar
7f9803375000-7f980337a000 r--s 0001f000 08:01 1069928                    /home/itachi/android/android-studio/gradle/gradle-2.2.1/lib/plugins/gradle-javascript-2.2.1.jar
7f980337a000-7f980337c000 r--s 0000e000 08:01 1069926                    /home/itachi/android/android-studio/gradle/gradle-2.2.1/lib/plugins/gradle-ear-2.2.1.jar
7f980337c000-7f9803380000 r--s 00025000 08:01 1069863                    /home/itachi/android/android-studio/gradle/gradle-2.2.1/lib/plugins/bcpg-jdk15-1.46.jar
7f9803380000-7f9803383000 r--s 0001d000 08:01 1069874                    /home/itachi/android/android-studio/gradle/gradle-2.2.1/lib/plugins/gradle-signing-2.2.1.jar
7f9803383000-7f9803384000 r--s 00002000 08:01 1069856                    /home/itachi/android/android-studio/gradle/gradle-2.2.1/lib/plugins/sonar-batch-bootstrapper-2.9.jar
7f9803384000-7f9803387000 r--s 00018000 08:01 1069900                    /home/itachi/android/android-studio/gradle/gradle-2.2.1/lib/plugins/gradle-sonar-2.2.1.jar
7f9803387000-7f980338a000 r--s 00017000 08:01 1069885                    /home/itachi/android/android-studio/gradle/gradle-2.2.1/lib/plugins/gradle-scala-2.2.1.jar
7f980338a000-7f980338c000 r--s 0000e000 08:01 1069891                    /home/itachi/android/android-studio/gradle/gradle-2.2.1/lib/plugins/gradle-announce-2.2.1.jar
7f980338c000-7f980339a000 r--s 000bc000 08:01 1069868                    /home/itachi/android/android-studio/gradle/gradle-2.2.1/lib/plugins/gradle-ide-2.2.1.jar
7f980339a000-7f980339c000 r--s 00000000 08:01 1069934                    /home/itachi/android/android-studio/gradle/gradle-2.2.1/lib/plugins/plexus-component-annotations-1.5.2.jar
7f980339c000-7f980339f000 r--s 0000c000 08:01 1069890                    /home/itachi/android/android-studio/gradle/gradle-2.2.1/lib/plugins/pmaven-groovy-0.8-20100325.jar
7f980339f000-7f98033a0000 r--s 00004000 08:01 1069911                    /home/itachi/android/android-studio/gradle/gradle-2.2.1/lib/plugins/pmaven-common-0.8-20100325.jar
7f98033a0000-7f98033a4000 r--s 0001e000 08:01 1069908                    /home/itachi/android/android-studio/gradle/gradle-2.2.1/lib/plugins/gradle-maven-2.2.1.jar
7f98033a4000-7f98033bc000 r--s 0013b000 08:01 1069945                    /home/itachi/android/android-studio/gradle/gradle-2.2.1/lib/plugins/bndlib-2.1.0.jar
7f98033bc000-7f98033be000 r--s 00004000 08:01 1069878                    /home/itachi/android/android-studio/gradle/gradle-2.2.1/lib/plugins/gradle-osgi-2.2.1.jar
7f98033be000-7f98033c3000 r--s 00068000 08:01 1069909                    /home/itachi/android/android-studio/gradle/gradle-2.2.1/lib/plugins/antlr-2.7.7.jar
7f98033c3000-7f98033c4000 r--s 00002000 08:01 1069940                    /home/itachi/android/android-studio/gradle/gradle-2.2.1/lib/plugins/ant-antlr-1.9.3.jar
7f98033c4000-7f98033c6000 r--s 00004000 08:01 1069931                    /home/itachi/android/android-studio/gradle/gradle-2.2.1/lib/plugins/gradle-antlr-2.2.1.jar
7f98033c6000-7f98033c9000 r--s 0001e000 08:01 1069904                    /home/itachi/android/android-studio/gradle/gradle-2.2.1/lib/plugins/jsp-api-2.1-6.1.14.jar
7f98033c9000-7f98033ec000 r--s 00344000 08:01 1069935                    /home/itachi/android/android-studio/gradle/gradle-2.2.1/lib/plugins/core-3.1.1.jar
7f98033ec000-7f98033ee000 r--s 00002000 08:01 1069896                    /home/itachi/android/android-studio/gradle/gradle-2.2.1/lib/plugins/jetty-annotations-6.1.25.jar
7f98033ee000-7f98033ff000 r--s 000ea000 08:01 1069916                    /home/itachi/android/android-studio/gradle/gradle-2.2.1/lib/plugins/jsp-2.1-6.1.14.jar
7f98033ff000-7f9803401000 r--s 0000d000 08:01 1069866                    /home/itachi/android/android-studio/gradle/gradle-2.2.1/lib/plugins/jetty-plus-6.1.25.jar
7f9803401000-7f9803403000 r--s 0001f000 08:01 1069888                    /home/itachi/android/android-studio/gradle/gradle-2.2.1/lib/plugins/servlet-api-2.5-20081211.jar
7f9803403000-7f9803407000 r--s 00028000 08:01 1069857                    /home/itachi/android/android-studio/gradle/gradle-2.2.1/lib/plugins/jetty-util-6.1.25.jar
7f9803407000-7f980340e000 r--s 0007d000 08:01 1069918                    /home/itachi/android/android-studio/gradle/gradle-2.2.1/lib/plugins/jetty-6.1.25.jar
7f980340e000-7f9803410000 r--s 00009000 08:01 1069877                    /home/itachi/android/android-studio/gradle/gradle-2.2.1/lib/plugins/gradle-jetty-2.2.1.jar
7f9803410000-7f9803415000 r--s 00041000 08:01 1069880                    /home/itachi/android/android-studio/gradle/gradle-2.2.1/lib/plugins/gradle-code-quality-2.2.1.jar
7f9803415000-7f9803417000 r--s 00009000 08:01 1069884                    /home/itachi/android/android-studio/gradle/gradle-2.2.1/lib/plugins/hamcrest-core-1.3.jar
7f9803417000-7f980341d000 r--s 00033000 08:01 1069921                    /home/itachi/android/android-studio/gradle/gradle-2.2.1/lib/plugins/snakeyaml-1.6.jar
7f980341d000-7f980341f000 r--s 00006000 08:01 1069869                    /home/itachi/android/android-studio/gradle/gradle-2.2.1/lib/plugins/jcommander-1.12.jar
7f980341f000-7f9803424000 r--s 00040000 08:01 1069930                    /home/itachi/android/android-studio/gradle/gradle-2.2.1/lib/plugins/bsh-2.0b4.jar
7f9803424000-7f980342d000 r--s 00089000 08:01 1069881                    /home/itachi/android/android-studio/gradle/gradle-2.2.1/lib/plugins/testng-6.3.1.jar
7f980342d000-7f980342e000 ---p 00000000 00:00 0 
7f980342e000-7f980352e000 rw-p 00000000 00:00 0                          [stack:1349]
7f980352e000-7f9803531000 ---p 00000000 00:00 0 
7f9803531000-7f980362f000 rw-p 00000000 00:00 0                          [stack:1343]
7f980362f000-7f9803632000 ---p 00000000 00:00 0 
7f9803632000-7f9803730000 rw-p 00000000 00:00 0                          [stack:1342]
7f9803730000-7f9803733000 ---p 00000000 00:00 0 
7f9803733000-7f9803831000 rw-p 00000000 00:00 0                          [stack:1339]
7f9803831000-7f9804000000 r--p 00000000 08:01 4987283                    /usr/lib/locale/locale-archive
7f9804000000-7f9804021000 rw-p 00000000 00:00 0 
7f9804021000-7f9808000000 ---p 00000000 00:00 0 
7f9808000000-7f9808001000 r--s 00006000 08:01 1069954                    /home/itachi/android/android-studio/gradle/gradle-2.2.1/lib/plugins/jetty-naming-6.1.25.jar
7f9808001000-7f9808007000 r--s 00036000 08:01 1069905                    /home/itachi/android/android-studio/gradle/gradle-2.2.1/lib/plugins/junit-4.11.jar
7f9808007000-7f9808013000 r--s 00075000 08:01 1069875                    /home/itachi/android/android-studio/gradle/gradle-2.2.1/lib/plugins/gradle-plugins-2.2.1.jar
7f9808013000-7f9808016000 r--s 00011000 08:01 1069858                    /home/itachi/android/android-studio/gradle/gradle-2.2.1/lib/plugins/gradle-plugin-use-2.2.1.jar
7f9808016000-7f980802e000 r--s 00115000 08:01 1069913                    /home/itachi/android/android-studio/gradle/gradle-2.2.1/lib/plugins/xercesImpl-2.9.1.jar
7f980802e000-7f9808036000 r--s 00028000 08:01 1069897                    /home/itachi/android/android-studio/gradle/gradle-2.2.1/lib/plugins/xml-apis-1.3.04.jar
7f9808036000-7f980803c000 r--s 0005b000 08:01 1069860                    /home/itachi/android/android-studio/gradle/gradle-2.2.1/lib/plugins/jcifs-1.3.17.jar
7f980803c000-7f9808042000 r--s 00031000 08:01 1069870                    /home/itachi/android/android-studio/gradle/gradle-2.2.1/lib/plugins/httpcore-4.2.2.jar
7f9808042000-7f9808048000 r--s 00033000 08:01 1069859                    /home/itachi/android/android-studio/gradle/gradle-2.2.1/lib/plugins/commons-codec-1.6.jar
7f9808048000-7f980804b000 r--s 0001c000 08:01 1069949                    /home/itachi/android/android-studio/gradle/gradle-2.2.1/lib/plugins/nekohtml-1.9.14.jar
7f980804b000-7f9808054000 r--s 00060000 08:01 1069882                    /home/itachi/android/android-studio/gradle/gradle-2.2.1/lib/plugins/httpclient-4.2.2.jar
7f9808054000-7f9808056000 r--s 00007000 08:01 1069939                    /home/itachi/android/android-studio/gradle/gradle-2.2.1/lib/plugins/gradle-resources-http-2.2.1.jar
7f9808056000-7f980807e000 r--s 00194000 08:01 1069895                    /home/itachi/android/android-studio/gradle/gradle-2.2.1/lib/plugins/bcprov-jdk15-1.46.jar
7f980807e000-7f9808082000 r--s 0001d000 08:01 1069936                    /home/itachi/android/android-studio/gradle/gradle-2.2.1/lib/plugins/xbean-reflect-3.4.jar
7f9808082000-7f9808087000 r--s 0002a000 08:01 1069946                    /home/itachi/android/android-studio/gradle/gradle-2.2.1/lib/plugins/gson-2.2.4.jar
7f9808087000-7f980808b000 r--s 0003d000 08:01 1069901                    /home/itachi/android/android-studio/gradle/gradle-2.2.1/lib/plugins/jsch-0.1.51.jar
7f980808b000-7f98080a4000 r--s 00129000 08:01 1069942                    /home/itachi/android/android-studio/gradle/gradle-2.2.1/lib/plugins/maven-ant-tasks-2.1.3.jar
7f98080a4000-7f98080b3000 r--s 000d9000 08:01 1069924                    /home/itachi/android/android-studio/gradle/gradle-2.2.1/lib/plugins/ivy-2.2.0.jar
7f98080b3000-7f98080b7000 r--s 0001e000 08:01 1069898                    /home/itachi/android/android-studio/gradle/gradle-2.2.1/lib/plugins/jarjar-aether-impl-1.13.1.jar
7f98080b7000-7f98080ba000 r--s 00027000 08:01 1069903                    /home/itachi/android/android-studio/gradle/gradle-2.2.1/lib/plugins/jarjar-maven-model-3.0.4.jar
7f98080ba000-7f98080bd000 r--s 0000b000 08:01 1069893                    /home/itachi/android/android-studio/gradle/gradle-2.2.1/lib/plugins/jarjar-maven-artifact-3.0.4.jar
7f98080bd000-7f98080c1000 r--s 0001e000 08:01 1069873                    /home/itachi/android/android-studio/gradle/gradle-2.2.1/lib/plugins/jarjar-aether-util-1.13.1.jar
7f98080c1000-7f98080c3000 r--s 00007000 08:01 1069947                    /home/itachi/android/android-studio/gradle/gradle-2.2.1/lib/plugins/jarjar-wagon-http-shared4-2.4.jar
7f98080c3000-7f98080d0000 r--s 00083000 08:01 1069872                    /home/itachi/android/android-studio/gradle/gradle-2.2.1/lib/plugins/jarjar-maven-core-3.0.4.jar
7f98080d0000-7f98080d2000 r--s 00003000 08:01 1069923                    /home/itachi/android/android-studio/gradle/gradle-2.2.1/lib/plugins/jarjar-aether-spi-1.13.1.jar
7f98080d2000-7f98080d4000 r--s 00009000 08:01 1069912                    /home/itachi/android/android-studio/gradle/gradle-2.2.1/lib/plugins/jarjar-maven-settings-builder-3.0.4.jar
7f98080d4000-7f98080d8000 r--s 00014000 08:01 1069887                    /home/itachi/android/android-studio/gradle/gradle-2.2.1/lib/plugins/jarjar-aether-api-1.13.1.jar
7f98080d8000-7f98080df000 r--s 00042000 08:01 1069876                    /home/itachi/android/android-studio/gradle/gradle-2.2.1/lib/plugins/jarjar-maven-compat-3.0.4.jar
7f98080df000-7f98080e1000 r--s 00006000 08:01 1069892                    /home/itachi/android/android-studio/gradle/gradle-2.2.1/lib/plugins/jarjar-aether-connector-wagon-1.13.1.jar
7f98080e1000-7f98080e3000 r--s 00000000 08:01 1069879                    /home/itachi/android/android-studio/gradle/gradle-2.2.1/lib/plugins/jarjar-plexus-component-annotations-1.5.5.jar
7f98080e3000-7f98080e5000 r--s 00006000 08:01 1069865                    /home/itachi/android/android-studio/gradle/gradle-2.2.1/lib/plugins/jarjar-plexus-sec-dispatcher-1.3.jar
7f98080e5000-7f98080ea000 r--s 00022000 08:01 1069938                    /home/itachi/android/android-studio/gradle/gradle-2.2.1/lib/plugins/jarjar-maven-model-builder-3.0.4.jar
7f98080ea000-7f98080ec000 r--s 0000b000 08:01 1069907                    /home/itachi/android/android-studio/gradle/gradle-2.2.1/lib/plugins/jarjar-maven-plugin-api-3.0.4.jar
7f98080ec000-7f98080ef000 r--s 0000a000 08:01 1069862                    /home/itachi/android/android-studio/gradle/gradle-2.2.1/lib/plugins/jarjar-plexus-classworlds-2.4.jar
7f98080ef000-7f98080f3000 r--s 00035000 08:01 1069948                    /home/itachi/android/android-studio/gradle/gradle-2.2.1/lib/plugins/jarjar-plexus-utils-2.0.6.jar
7f98080f3000-7f98080f6000 ---p 00000000 00:00 0 
7f98080f6000-7f98081f4000 rw-p 00000000 00:00 0                          [stack:1338]
7f98081f4000-7f98081f7000 ---p 00000000 00:00 0 
7f98081f7000-7f98082f5000 rw-p 00000000 00:00 0                          [stack:1337]
7f98082f5000-7f98082f8000 ---p 00000000 00:00 0 
7f98082f8000-7f98083f6000 rw-p 00000000 00:00 0                          [stack:1336]
7f98083f6000-7f98083f9000 ---p 00000000 00:00 0 
7f98083f9000-7f98084f7000 rw-p 00000000 00:00 0                          [stack:1335]
7f98084f7000-7f98084f8000 ---p 00000000 00:00 0 
7f98084f8000-7f98095fb000 rw-p 00000000 00:00 0                          [stack:1334]
7f98095fb000-7f98097d1000 r--s 03caa000 08:01 1075777                    /home/itachi/android/jdk1.8.0_25/jre/lib/rt.jar
7f98097d1000-7f980c2ca000 rw-p 00000000 00:00 0 
7f980c2ca000-7f980c2cb000 ---p 00000000 00:00 0 
7f980c2cb000-7f980c3cb000 rw-p 00000000 00:00 0                          [stack:1333]
7f980c3cb000-7f980c3cc000 ---p 00000000 00:00 0 
7f980c3cc000-7f980c4cc000 rw-p 00000000 00:00 0                          [stack:1332]
7f980c4cc000-7f980c4cd000 ---p 00000000 00:00 0 
7f980c4cd000-7f980c5cd000 rw-p 00000000 00:00 0                          [stack:1331]
7f980c5cd000-7f980c5ce000 ---p 00000000 00:00 0 
7f980c5ce000-7f980c6f4000 rw-p 00000000 00:00 0                          [stack:1330]
7f980c6f4000-7f980c824000 ---p 00000000 00:00 0 
7f980c824000-7f980c84a000 rw-p 00000000 00:00 0 
7f980c84a000-7f980c979000 ---p 00000000 00:00 0 
7f980c979000-7f980c9fa000 rw-p 00000000 00:00 0 
7f980c9fa000-7f980ca24000 ---p 00000000 00:00 0 
7f980ca24000-7f980ca75000 rw-p 00000000 00:00 0 
7f980ca75000-7f980cde5000 ---p 00000000 00:00 0 
7f980cde5000-7f980e1e5000 rwxp 00000000 00:00 0 
7f980e1e5000-7f981bde5000 ---p 00000000 00:00 0 
7f981bde5000-7f981bdff000 r-xp 00000000 08:01 1075730                    /home/itachi/android/jdk1.8.0_25/jre/lib/amd64/libzip.so
7f981bdff000-7f981bfff000 ---p 0001a000 08:01 1075730                    /home/itachi/android/jdk1.8.0_25/jre/lib/amd64/libzip.so
7f981bfff000-7f981c000000 rw-p 0001a000 08:01 1075730                    /home/itachi/android/jdk1.8.0_25/jre/lib/amd64/libzip.so
7f981c000000-7f981ca78000 rw-p 00000000 00:00 0 
7f981ca78000-7f9820000000 ---p 00000000 00:00 0 
7f9820000000-7f9820002000 r--s 00009000 08:01 1069861                    /home/itachi/android/android-studio/gradle/gradle-2.2.1/lib/plugins/commons-cli-1.2.jar
7f9820002000-7f9820004000 r--s 0000e000 08:01 1069950                    /home/itachi/android/android-studio/gradle/gradle-2.2.1/lib/plugins/jarjar-plexus-interpolation-1.14.jar
7f9820004000-7f9820006000 r--s 00002000 08:01 1069899                    /home/itachi/android/android-studio/gradle/gradle-2.2.1/lib/plugins/jarjar-plexus-cipher-1.7.jar
7f9820006000-7f9820008000 r--s 0000c000 08:01 1069944                    /home/itachi/android/android-studio/gradle/gradle-2.2.1/lib/plugins/jarjar-wagon-provider-api-2.4.jar
7f9820008000-7f982000a000 r--s 0000d000 08:01 1069952                    /home/itachi/android/android-studio/gradle/gradle-2.2.1/lib/plugins/jarjar-maven-aether-provider-3.0.4.jar
7f982000a000-7f9820012000 r--s 00031000 08:01 1069919                    /home/itachi/android/android-studio/gradle/gradle-2.2.1/lib/plugins/jarjar-plexus-container-default-1.5.5.jar
7f9820012000-7f9820013000 r--s 00007000 08:01 1069906                    /home/itachi/android/android-studio/gradle/gradle-2.2.1/lib/plugins/jarjar-maven-repository-metadata-3.0.4.jar
7f9820013000-7f9820014000 r--s 0000b000 08:01 1069917                    /home/itachi/android/android-studio/gradle/gradle-2.2.1/lib/plugins/jarjar-maven-settings-3.0.4.jar
7f9820014000-7f982002c000 r--s 000b5000 08:01 1069914                    /home/itachi/android/android-studio/gradle/gradle-2.2.1/lib/plugins/gradle-dependency-management-2.2.1.jar
7f982002c000-7f9820048000 r--s 00393000 08:01 1075790                    /home/itachi/android/jdk1.8.0_25/jre/lib/ext/cldrdata.jar
7f9820048000-7f9820052000 r--s 00116000 08:01 1075784                    /home/itachi/android/jdk1.8.0_25/jre/lib/ext/localedata.jar
7f9820052000-7f9820053000 r--s 00005000 08:01 1069833                    /home/itachi/android/android-studio/gradle/gradle-2.2.1/lib/gradle-wrapper-2.2.1.jar
7f9820053000-7f982005c000 r--s 0002c000 08:01 1069838                    /home/itachi/android/android-studio/gradle/gradle-2.2.1/lib/gradle-tooling-api-2.2.1.jar
7f982005c000-7f982005e000 r--s 00002000 08:01 1069848                    /home/itachi/android/android-studio/gradle/gradle-2.2.1/lib/gradle-open-api-2.2.1.jar
7f982005e000-7f9820064000 r--s 00032000 08:01 1069841                    /home/itachi/android/android-studio/gradle/gradle-2.2.1/lib/jaxen-1.1.jar
7f9820064000-7f9820069000 r--s 00048000 08:01 1069812                    /home/itachi/android/android-studio/gradle/gradle-2.2.1/lib/dom4j-1.6.1.jar
7f9820069000-7f9820074000 r--s 00059000 08:01 1069851                    /home/itachi/android/android-studio/gradle/gradle-2.2.1/lib/gradle-ui-2.2.1.jar
7f9820074000-7f9820076000 r--s 00006000 08:01 1069815                    /home/itachi/android/android-studio/gradle/gradle-2.2.1/lib/gradle-resources-2.2.1.jar
7f9820076000-7f9820078000 r--s 00007000 08:01 1069843                    /home/itachi/android/android-studio/gradle/gradle-2.2.1/lib/objenesis-1.2.jar
7f9820078000-7f982007a000 r--s 00000000 08:01 1069844                    /home/itachi/android/android-studio/gradle/gradle-2.2.1/lib/minlog-1.2.jar
7f982007a000-7f982007c000 r--s 0000f000 08:01 1069849                    /home/itachi/android/android-studio/gradle/gradle-2.2.1/lib/reflectasm-1.07-shaded.jar
7f982007c000-7f9820080000 r--s 00026000 08:01 1069955                    /home/itachi/android/android-studio/gradle/gradle-2.2.1/lib/kryo-2.20.jar
7f9820080000-7f9820089000 r--s 00039000 08:01 1069840                    /home/itachi/android/android-studio/gradle/gradle-2.2.1/lib/gradle-messaging-2.2.1.jar
7f9820089000-7f982008a000 r--s 00003000 08:01 1069853                    /home/itachi/android/android-studio/gradle/gradle-2.2.1/lib/native-platform-freebsd-amd64-0.10.jar
7f982008a000-7f982008b000 r--s 00003000 08:01 1069835                    /home/itachi/android/android-studio/gradle/gradle-2.2.1/lib/native-platform-freebsd-i386-0.10.jar
7f982008b000-7f982008c000 r--s 00005000 08:01 1069839                    /home/itachi/android/android-studio/gradle/gradle-2.2.1/lib/native-platform-windows-i386-0.10.jar
7f982008c000-7f98200f7000 r--s 00685000 08:01 1069809                    /home/itachi/android/android-studio/gradle/gradle-2.2.1/lib/groovy-all-2.3.6.jar
7f98200f7000-7f9820103000 r-xp 00000000 08:01 276183                     /lib/x86_64-linux-gnu/libnss_files-2.15.so
7f9820103000-7f9820302000 ---p 0000c000 08:01 276183                     /lib/x86_64-linux-gnu/libnss_files-2.15.so
7f9820302000-7f9820303000 r--p 0000b000 08:01 276183                     /lib/x86_64-linux-gnu/libnss_files-2.15.so
7f9820303000-7f9820304000 rw-p 0000c000 08:01 276183                     /lib/x86_64-linux-gnu/libnss_files-2.15.so
7f9820304000-7f982030e000 r-xp 00000000 08:01 275898                     /lib/x86_64-linux-gnu/libnss_nis-2.15.so
7f982030e000-7f982050e000 ---p 0000a000 08:01 275898                     /lib/x86_64-linux-gnu/libnss_nis-2.15.so
7f982050e000-7f982050f000 r--p 0000a000 08:01 275898                     /lib/x86_64-linux-gnu/libnss_nis-2.15.so
7f982050f000-7f9820510000 rw-p 0000b000 08:01 275898                     /lib/x86_64-linux-gnu/libnss_nis-2.15.so
7f9820510000-7f9820527000 r-xp 00000000 08:01 293399                     /lib/x86_64-linux-gnu/libnsl-2.15.so
7f9820527000-7f9820726000 ---p 00017000 08:01 293399                     /lib/x86_64-linux-gnu/libnsl-2.15.so
7f9820726000-7f9820727000 r--p 00016000 08:01 293399                     /lib/x86_64-linux-gnu/libnsl-2.15.so
7f9820727000-7f9820728000 rw-p 00017000 08:01 293399                     /lib/x86_64-linux-gnu/libnsl-2.15.so
7f9820728000-7f982072a000 rw-p 00000000 00:00 0 
7f982072a000-7f9820732000 r-xp 00000000 08:01 293403                     /lib/x86_64-linux-gnu/libnss_compat-2.15.so
7f9820732000-7f9820931000 ---p 00008000 08:01 293403                     /lib/x86_64-linux-gnu/libnss_compat-2.15.so
7f9820931000-7f9820932000 r--p 00007000 08:01 293403                     /lib/x86_64-linux-gnu/libnss_compat-2.15.so
7f9820932000-7f9820933000 rw-p 00008000 08:01 293403                     /lib/x86_64-linux-gnu/libnss_compat-2.15.so
7f9820933000-7f982095d000 r-xp 00000000 08:01 1075710                    /home/itachi/android/jdk1.8.0_25/jre/lib/amd64/libjava.so
7f982095d000-7f9820b5d000 ---p 0002a000 08:01 1075710                    /home/itachi/android/jdk1.8.0_25/jre/lib/amd64/libjava.so
7f9820b5d000-7f9820b5f000 rw-p 0002a000 08:01 1075710                    /home/itachi/android/jdk1.8.0_25/jre/lib/amd64/libjava.so
7f9820b5f000-7f9820b6c000 r-xp 00000000 08:01 1075724                    /home/itachi/android/jdk1.8.0_25/jre/lib/amd64/libverify.so
7f9820b6c000-7f9820d6c000 ---p 0000d000 08:01 1075724                    /home/itachi/android/jdk1.8.0_25/jre/lib/amd64/libverify.so
7f9820d6c000-7f9820d6e000 rw-p 0000d000 08:01 1075724                    /home/itachi/android/jdk1.8.0_25/jre/lib/amd64/libverify.so
7f9820d6e000-7f9820d75000 r-xp 00000000 08:01 277119                     /lib/x86_64-linux-gnu/librt-2.15.so
7f9820d75000-7f9820f74000 ---p 00007000 08:01 277119                     /lib/x86_64-linux-gnu/librt-2.15.so
7f9820f74000-7f9820f75000 r--p 00006000 08:01 277119                     /lib/x86_64-linux-gnu/librt-2.15.so
7f9820f75000-7f9820f76000 rw-p 00007000 08:01 277119                     /lib/x86_64-linux-gnu/librt-2.15.so
7f9820f76000-7f9821071000 r-xp 00000000 08:01 293400                     /lib/x86_64-linux-gnu/libm-2.15.so
7f9821071000-7f9821270000 ---p 000fb000 08:01 293400                     /lib/x86_64-linux-gnu/libm-2.15.so
7f9821270000-7f9821271000 r--p 000fa000 08:01 293400                     /lib/x86_64-linux-gnu/libm-2.15.so
7f9821271000-7f9821272000 rw-p 000fb000 08:01 293400                     /lib/x86_64-linux-gnu/libm-2.15.so
7f9821272000-7f9821edf000 r-xp 00000000 08:01 1075745                    /home/itachi/android/jdk1.8.0_25/jre/lib/amd64/server/libjvm.so
7f9821edf000-7f98220de000 ---p 00c6d000 08:01 1075745                    /home/itachi/android/jdk1.8.0_25/jre/lib/amd64/server/libjvm.so
7f98220de000-7f98221b4000 rw-p 00c6c000 08:01 1075745                    /home/itachi/android/jdk1.8.0_25/jre/lib/amd64/server/libjvm.so
7f98221b4000-7f98221f7000 rw-p 00000000 00:00 0 
7f98221f7000-7f98223ac000 r-xp 00000000 08:01 293404                     /lib/x86_64-linux-gnu/libc-2.15.so
7f98223ac000-7f98225ac000 ---p 001b5000 08:01 293404                     /lib/x86_64-linux-gnu/libc-2.15.so
7f98225ac000-7f98225b0000 r--p 001b5000 08:01 293404                     /lib/x86_64-linux-gnu/libc-2.15.so
7f98225b0000-7f98225b2000 rw-p 001b9000 08:01 293404                     /lib/x86_64-linux-gnu/libc-2.15.so
7f98225b2000-7f98225b7000 rw-p 00000000 00:00 0 
7f98225b7000-7f98225b9000 r-xp 00000000 08:01 293402                     /lib/x86_64-linux-gnu/libdl-2.15.so
7f98225b9000-7f98227b9000 ---p 00002000 08:01 293402                     /lib/x86_64-linux-gnu/libdl-2.15.so
7f98227b9000-7f98227ba000 r--p 00002000 08:01 293402                     /lib/x86_64-linux-gnu/libdl-2.15.so
7f98227ba000-7f98227bb000 rw-p 00003000 08:01 293402                     /lib/x86_64-linux-gnu/libdl-2.15.so
7f98227bb000-7f98227d0000 r-xp 00000000 08:01 1074920                    /home/itachi/android/jdk1.8.0_25/lib/amd64/jli/libjli.so
7f98227d0000-7f98229cf000 ---p 00015000 08:01 1074920                    /home/itachi/android/jdk1.8.0_25/lib/amd64/jli/libjli.so
7f98229cf000-7f98229d0000 rw-p 00014000 08:01 1074920                    /home/itachi/android/jdk1.8.0_25/lib/amd64/jli/libjli.so
7f98229d0000-7f98229e8000 r-xp 00000000 08:01 276138                     /lib/x86_64-linux-gnu/libpthread-2.15.so
7f98229e8000-7f9822be7000 ---p 00018000 08:01 276138                     /lib/x86_64-linux-gnu/libpthread-2.15.so
7f9822be7000-7f9822be8000 r--p 00017000 08:01 276138                     /lib/x86_64-linux-gnu/libpthread-2.15.so
7f9822be8000-7f9822be9000 rw-p 00018000 08:01 276138                     /lib/x86_64-linux-gnu/libpthread-2.15.so
7f9822be9000-7f9822bed000 rw-p 00000000 00:00 0 
7f9822bed000-7f9822c0f000 r-xp 00000000 08:01 293392                     /lib/x86_64-linux-gnu/ld-2.15.so
7f9822c0f000-7f9822c10000 r--s 00005000 08:01 1069808                    /home/itachi/android/android-studio/gradle/gradle-2.2.1/lib/native-platform-windows-amd64-0.10.jar
7f9822c10000-7f9822c11000 r--s 00003000 08:01 1069811                    /home/itachi/android/android-studio/gradle/gradle-2.2.1/lib/native-platform-linux-i386-0.10.jar
7f9822c11000-7f9822c12000 r--s 00003000 08:01 1069819                    /home/itachi/android/android-studio/gradle/gradle-2.2.1/lib/native-platform-linux-amd64-0.10.jar
7f9822c12000-7f9822c13000 r--s 00002000 08:01 1069956                    /home/itachi/android/android-studio/gradle/gradle-2.2.1/lib/native-platform-osx-amd64-0.10.jar
7f9822c13000-7f9822c14000 r--s 00002000 08:01 1069831                    /home/itachi/android/android-studio/gradle/gradle-2.2.1/lib/native-platform-osx-i386-0.10.jar
7f9822c14000-7f9822c16000 r--s 00008000 08:01 1069830                    /home/itachi/android/android-studio/gradle/gradle-2.2.1/lib/jansi-1.2.1.jar
7f9822c16000-7f9822c19000 r--s 0000d000 08:01 1069845                    /home/itachi/android/android-studio/gradle/gradle-2.2.1/lib/native-platform-0.10.jar
7f9822c19000-7f9822c1d000 r--s 000e4000 08:01 1069810                    /home/itachi/android/android-studio/gradle/gradle-2.2.1/lib/jna-3.2.7.jar
7f9822c1d000-7f9822c1f000 r--s 00008000 08:01 1069829                    /home/itachi/android/android-studio/gradle/gradle-2.2.1/lib/gradle-native-2.2.1.jar
7f9822c1f000-7f9822c21000 r--s 00005000 08:01 1069852                    /home/itachi/android/android-studio/gradle/gradle-2.2.1/lib/gradle-cli-2.2.1.jar
7f9822c21000-7f9822c23000 r--s 00003000 08:01 1069817                    /home/itachi/android/android-studio/gradle/gradle-2.2.1/lib/gradle-base-services-groovy-2.2.1.jar
7f9822c23000-7f9822c25000 r--s 0000a000 08:01 1069825                    /home/itachi/android/android-studio/gradle/gradle-2.2.1/lib/gradle-model-groovy-2.2.1.jar
7f9822c25000-7f9822c29000 r--s 0001b000 08:01 1069821                    /home/itachi/android/android-studio/gradle/gradle-2.2.1/lib/gradle-model-core-2.2.1.jar
7f9822c29000-7f9822c2a000 r--s 00000000 08:01 1069834                    /home/itachi/android/android-studio/gradle/gradle-2.2.1/lib/gradle-docs-2.2.1.jar
7f9822c2a000-7f9822c2c000 r--s 00003000 08:01 1069818                    /home/itachi/android/android-studio/gradle/gradle-2.2.1/lib/jcl-over-slf4j-1.7.7.jar
7f9822c2c000-7f9822c2d000 r--s 00005000 08:01 1069846                    /home/itachi/android/android-studio/gradle/gradle-2.2.1/lib/log4j-over-slf4j-1.7.7.jar
7f9822c2d000-7f9822c2e000 r--s 00000000 08:01 1069837                    /home/itachi/android/android-studio/gradle/gradle-2.2.1/lib/javax.inject-1.jar
7f9822c2e000-7f9822c31000 r--s 0001b000 08:01 1069820                    /home/itachi/android/android-studio/gradle/gradle-2.2.1/lib/jarjar-1.3.jar
7f9822c31000-7f9822c33000 r--s 00000000 08:01 1069842                    /home/itachi/android/android-studio/gradle/gradle-2.2.1/lib/jul-to-slf4j-1.7.7.jar
7f9822c33000-7f9822c34000 r--s 00000000 08:01 1069828                    /home/itachi/android/android-studio/gradle/gradle-2.2.1/lib/jcip-annotations-1.0.jar
7f9822c34000-7f9822c3a000 r--s 0003b000 08:01 1069814                    /home/itachi/android/android-studio/gradle/gradle-2.2.1/lib/logback-classic-1.0.13.jar
7f9822c3a000-7f9822c44000 r--s 0005d000 08:01 1069824                    /home/itachi/android/android-studio/gradle/gradle-2.2.1/lib/logback-core-1.0.13.jar
7f9822c44000-7f9822c49000 r--s 00041000 08:01 1069813                    /home/itachi/android/android-studio/gradle/gradle-2.2.1/lib/commons-lang-2.6.jar
7f9822c49000-7f9822c4c000 r--s 00018000 08:01 1069854                    /home/itachi/android/android-studio/gradle/gradle-2.2.1/lib/commons-io-1.4.jar
7f9822c4c000-7f9822c5a000 r--s 0007f000 08:01 1069847                    /home/itachi/android/android-studio/gradle/gradle-2.2.1/lib/commons-collections-3.2.1.jar
7f9822c5a000-7f9822c5f000 r--s 00036000 08:01 1069836                    /home/itachi/android/android-studio/gradle/gradle-2.2.1/lib/asm-all-5.0.3.jar
7f9822c5f000-7f9822c87000 r--s 001cf000 08:01 1069827                    /home/itachi/android/android-studio/gradle/gradle-2.2.1/lib/guava-jdk5-17.0.jar
7f9822c87000-7f9822c89000 r--s 00006000 08:01 1069823                    /home/itachi/android/android-studio/gradle/gradle-2.2.1/lib/slf4j-api-1.7.7.jar
7f9822c89000-7f9822c8a000 r--s 00004000 08:01 1069826                    /home/itachi/android/android-studio/gradle/gradle-2.2.1/lib/ant-launcher-1.9.3.jar
7f9822c8a000-7f9822ca9000 r--s 001cc000 08:01 1069816                    /home/itachi/android/android-studio/gradle/gradle-2.2.1/lib/ant-1.9.3.jar
7f9822ca9000-7f9822caf000 r--s 00026000 08:01 1069832                    /home/itachi/android/android-studio/gradle/gradle-2.2.1/lib/gradle-base-services-2.2.1.jar
7f9822caf000-7f9822ce0000 r--s 00191000 08:01 1069822                    /home/itachi/android/android-studio/gradle/gradle-2.2.1/lib/gradle-core-2.2.1.jar
7f9822ce0000-7f9822ce8000 r--s 0003c000 08:01 1069850                    /home/itachi/android/android-studio/gradle/gradle-2.2.1/lib/gradle-launcher-2.2.1.jar
7f9822ce8000-7f9822ceb000 ---p 00000000 00:00 0 
7f9822ceb000-7f9822ded000 rw-p 00000000 00:00 0                          [stack:1329]
7f9822ded000-7f9822dee000 r--s 00002000 08:01 1069883                    /home/itachi/android/android-studio/gradle/gradle-2.2.1/lib/plugins/geronimo-annotation_1.0_spec-1.0.jar
7f9822dee000-7f9822def000 r--s 00002000 08:01 1069937                    /home/itachi/android/android-studio/gradle/gradle-2.2.1/lib/plugins/jarjar-wagon-http-2.4.jar
7f9822def000-7f9822e03000 rw-p 00000000 00:00 0 
7f9822e03000-7f9822e0b000 rw-s 00000000 08:01 5118895                    /tmp/hsperfdata_itachi/1327
7f9822e0b000-7f9822e0c000 rw-p 00000000 00:00 0 
7f9822e0c000-7f9822e0d000 ---p 00000000 00:00 0 
7f9822e0d000-7f9822e0f000 rw-p 00000000 00:00 0 
7f9822e0f000-7f9822e10000 r--p 00022000 08:01 293392                     /lib/x86_64-linux-gnu/ld-2.15.so
7f9822e10000-7f9822e12000 rw-p 00023000 08:01 293392                     /lib/x86_64-linux-gnu/ld-2.15.so
7fff22103000-7fff22124000 rw-p 00000000 00:00 0                          [stack]
7fff221b0000-7fff221b1000 r-xp 00000000 00:00 0                          [vdso]
ffffffffff600000-ffffffffff601000 r-xp 00000000 00:00 0                  [vsyscall]

VM Arguments:
jvm_args: -XX:MaxPermSize=256m -XX:+HeapDumpOnOutOfMemoryError -Xmx1024m -Dfile.encoding=UTF-8 -Duser.country=US -Duser.language=en -Duser.variant 
java_command: org.gradle.launcher.daemon.bootstrap.GradleDaemon 2.2.1 /home/itachi/.gradle/daemon 10800000 102979a4-e21a-40e5-a9ef-c173415b4cc2 -XX:MaxPermSize=256m -XX:+HeapDumpOnOutOfMemoryError -Xmx1024m -Dfile.encoding=UTF-8 -Duser.country=US -Duser.language=en -Duser.variant
java_class_path (initial): /home/itachi/android/android-studio/gradle/gradle-2.2.1/lib/gradle-launcher-2.2.1.jar
Launcher Type: SUN_STANDARD

Environment Variables:
JAVA_HOME=/usr/lib/jvm/jdk1.8.0_25
JRE_HOME=/usr/lib/jvm/jdk1.8.0_25/jre
CLASSPATH=/home/itachi/android/android-studio/bin/../lib/bootstrap.jar:/home/itachi/android/android-studio/bin/../lib/extensions.jar:/home/itachi/android/android-studio/bin/../lib/util.jar:/home/itachi/android/android-studio/bin/../lib/jdom.jar:/home/itachi/android/android-studio/bin/../lib/log4j.jar:/home/itachi/android/android-studio/bin/../lib/trove4j.jar:/home/itachi/android/android-studio/bin/../lib/jna.jar:/usr/lib/jvm/jdk1.8.0_25/lib/tools.jar
PATH=/usr/lib/lightdm/lightdm:/usr/local/sbin:/usr/local/bin:/usr/sbin:/usr/bin:/sbin:/bin:/usr/games:/usr/local/games
LD_LIBRARY_PATH=/home/itachi/android/android-studio/bin:
SHELL=/bin/bash
DISPLAY=:0

Signal Handlers:
SIGSEGV: [libjvm.so+0xa79a80], sa_mask[0]=11111111011111111101111111111110, sa_flags=SA_RESTART|SA_SIGINFO
SIGBUS: [libjvm.so+0xa79a80], sa_mask[0]=11111111011111111101111111111110, sa_flags=SA_RESTART|SA_SIGINFO
SIGFPE: [libjvm.so+0x8e24e0], sa_mask[0]=11111111011111111101111111111110, sa_flags=SA_RESTART|SA_SIGINFO
SIGPIPE: [libjvm.so+0x8e24e0], sa_mask[0]=11111111011111111101111111111110, sa_flags=SA_RESTART|SA_SIGINFO
SIGXFSZ: [libjvm.so+0x8e24e0], sa_mask[0]=11111111011111111101111111111110, sa_flags=SA_RESTART|SA_SIGINFO
SIGILL: [libjvm.so+0x8e24e0], sa_mask[0]=11111111011111111101111111111110, sa_flags=SA_RESTART|SA_SIGINFO
SIGUSR1: SIG_DFL, sa_mask[0]=00000000000000000000000000000000, sa_flags=none
SIGUSR2: [libjvm.so+0x8e3d10], sa_mask[0]=00100000000000000000000000000000, sa_flags=SA_RESTART|SA_SIGINFO
SIGHUP: [libjvm.so+0x8e50d0], sa_mask[0]=11111111011111111101111111111110, sa_flags=SA_RESTART|SA_SIGINFO
SIGINT: [libjvm.so+0x8e50d0], sa_mask[0]=11111111011111111101111111111110, sa_flags=SA_RESTART|SA_SIGINFO
SIGTERM: [libjvm.so+0x8e50d0], sa_mask[0]=11111111011111111101111111111110, sa_flags=SA_RESTART|SA_SIGINFO
SIGQUIT: [libjvm.so+0x8e50d0], sa_mask[0]=11111111011111111101111111111110, sa_flags=SA_RESTART|SA_SIGINFO


---------------  S Y S T E M  ---------------

OS:DISTRIB_ID=Ubuntu
DISTRIB_RELEASE=12.10
DISTRIB_CODENAME=quantal
DISTRIB_DESCRIPTION="Linux-Secure-Remix 12.10 28feb2013"

uname:Linux 3.5.0-17-generic #28-Ubuntu SMP Tue Oct 9 19:31:23 UTC 2012 x86_64
libc:glibc 2.15 NPTL 2.15 
rlimit: STACK 8192k, CORE 0k, NPROC 62967, NOFILE 4096, AS infinity
load average:7.26 3.37 2.14

/proc/meminfo:
MemTotal:        8078192 kB
MemFree:          104416 kB
Buffers:             528 kB
Cached:          1466580 kB
SwapCached:            0 kB
Active:          5656052 kB
Inactive:         800924 kB
Active(anon):    5641612 kB
Inactive(anon):   785224 kB
Active(file):      14440 kB
Inactive(file):    15700 kB
Unevictable:       31424 kB
Mlocked:           31424 kB
SwapTotal:             0 kB
SwapFree:              0 kB
Dirty:                48 kB
Writeback:             0 kB
AnonPages:       5021428 kB
Mapped:          1264576 kB
Shmem:           1431004 kB
Slab:             121828 kB
SReclaimable:      55500 kB
SUnreclaim:        66328 kB
KernelStack:        7880 kB
PageTables:        78748 kB
NFS_Unstable:          0 kB
Bounce:                0 kB
WritebackTmp:          0 kB
CommitLimit:     4039096 kB
Committed_AS:   23167048 kB
VmallocTotal:   34359738367 kB
VmallocUsed:      572836 kB
VmallocChunk:   34359131536 kB
HardwareCorrupted:     0 kB
AnonHugePages:         0 kB
HugePages_Total:       0
HugePages_Free:        0
HugePages_Rsvd:        0
HugePages_Surp:        0
Hugepagesize:       2048 kB
DirectMap4k:       55296 kB
DirectMap2M:     7192576 kB


CPU:total 4 (2 cores per cpu, 2 threads per core) family 6 model 58 stepping 9, cmov, cx8, fxsr, mmx, sse, sse2, sse3, ssse3, sse4.1, sse4.2, popcnt, avx, aes, clmul, erms, ht, tsc, tscinvbit, tscinv

/proc/cpuinfo:
processor	: 0
vendor_id	: GenuineIntel
cpu family	: 6
model		: 58
model name	: Intel(R) Core(TM) i5-3210M CPU @ 2.50GHz
stepping	: 9
microcode	: 0x12
cpu MHz		: 1500.000
cache size	: 3072 KB
physical id	: 0
siblings	: 4
core id		: 0
cpu cores	: 2
apicid		: 0
initial apicid	: 0
fpu		: yes
fpu_exception	: yes
cpuid level	: 13
wp		: yes
flags		: fpu vme de pse tsc msr pae mce cx8 apic sep mtrr pge mca cmov pat pse36 clflush dts acpi mmx fxsr sse sse2 ss ht tm pbe syscall nx rdtscp lm constant_tsc arch_perfmon pebs bts rep_good nopl xtopology nonstop_tsc aperfmperf pni pclmulqdq dtes64 monitor ds_cpl vmx est tm2 ssse3 cx16 xtpr pdcm pcid sse4_1 sse4_2 x2apic popcnt tsc_deadline_timer aes xsave avx f16c rdrand lahf_lm ida arat epb xsaveopt pln pts dtherm tpr_shadow vnmi flexpriority ept vpid fsgsbase smep erms
bogomips	: 4988.38
clflush size	: 64
cache_alignment	: 64
address sizes	: 36 bits physical, 48 bits virtual
power management:

processor	: 1
vendor_id	: GenuineIntel
cpu family	: 6
model		: 58
model name	: Intel(R) Core(TM) i5-3210M CPU @ 2.50GHz
stepping	: 9
microcode	: 0x12
cpu MHz		: 2000.000
cache size	: 3072 KB
physical id	: 0
siblings	: 4
core id		: 0
cpu cores	: 2
apicid		: 1
initial apicid	: 1
fpu		: yes
fpu_exception	: yes
cpuid level	: 13
wp		: yes
flags		: fpu vme de pse tsc msr pae mce cx8 apic sep mtrr pge mca cmov pat pse36 clflush dts acpi mmx fxsr sse sse2 ss ht tm pbe syscall nx rdtscp lm constant_tsc arch_perfmon pebs bts rep_good nopl xtopology nonstop_tsc aperfmperf pni pclmulqdq dtes64 monitor ds_cpl vmx est tm2 ssse3 cx16 xtpr pdcm pcid sse4_1 sse4_2 x2apic popcnt tsc_deadline_timer aes xsave avx f16c rdrand lahf_lm ida arat epb xsaveopt pln pts dtherm tpr_shadow vnmi flexpriority ept vpid fsgsbase smep erms
bogomips	: 4988.38
clflush size	: 64
cache_alignment	: 64
address sizes	: 36 bits physical, 48 bits virtual
power management:

processor	: 2
vendor_id	: GenuineIntel
cpu family	: 6
model		: 58
model name	: Intel(R) Core(TM) i5-3210M CPU @ 2.50GHz
stepping	: 9
microcode	: 0x12
cpu MHz		: 1700.000
cache size	: 3072 KB
physical id	: 0
siblings	: 4
core id		: 1
cpu cores	: 2
apicid		: 2
initial apicid	: 2
fpu		: yes
fpu_exception	: yes
cpuid level	: 13
wp		: yes
flags		: fpu vme de pse tsc msr pae mce cx8 apic sep mtrr pge mca cmov pat pse36 clflush dts acpi mmx fxsr sse sse2 ss ht tm pbe syscall nx rdtscp lm constant_tsc arch_perfmon pebs bts rep_good nopl xtopology nonstop_tsc aperfmperf pni pclmulqdq dtes64 monitor ds_cpl vmx est tm2 ssse3 cx16 xtpr pdcm pcid sse4_1 sse4_2 x2apic popcnt tsc_deadline_timer aes xsave avx f16c rdrand lahf_lm ida arat epb xsaveopt pln pts dtherm tpr_shadow vnmi flexpriority ept vpid fsgsbase smep erms
bogomips	: 4988.38
clflush size	: 64
cache_alignment	: 64
address sizes	: 36 bits physical, 48 bits virtual
power management:

processor	: 3
vendor_id	: GenuineIntel
cpu family	: 6
model		: 58
model name	: Intel(R) Core(TM) i5-3210M CPU @ 2.50GHz
stepping	: 9
microcode	: 0x12
cpu MHz		: 1200.000
cache size	: 3072 KB
physical id	: 0
siblings	: 4
core id		: 1
cpu cores	: 2
apicid		: 3
initial apicid	: 3
fpu		: yes
fpu_exception	: yes
cpuid level	: 13
wp		: yes
flags		: fpu vme de pse tsc msr pae mce cx8 apic sep mtrr pge mca cmov pat pse36 clflush dts acpi mmx fxsr sse sse2 ss ht tm pbe syscall nx rdtscp lm constant_tsc arch_perfmon pebs bts rep_good nopl xtopology nonstop_tsc aperfmperf pni pclmulqdq dtes64 monitor ds_cpl vmx est tm2 ssse3 cx16 xtpr pdcm pcid sse4_1 sse4_2 x2apic popcnt tsc_deadline_timer aes xsave avx f16c rdrand lahf_lm ida arat epb xsaveopt pln pts dtherm tpr_shadow vnmi flexpriority ept vpid fsgsbase smep erms
bogomips	: 4988.38
clflush size	: 64
cache_alignment	: 64
address sizes	: 36 bits physical, 48 bits virtual
power management:



Memory: 4k page, physical 8078192k(104416k free), swap 0k(0k free)

vm_info: Java HotSpot(TM) 64-Bit Server VM (25.25-b02) for linux-amd64 JRE (1.8.0_25-b17), built on Sep 17 2014 17:32:11 by "java_re" with gcc 4.3.0 20080428 (Red Hat 4.3.0-8)

time: Tue Jul 28 17:45:49 2015
elapsed time: 180 seconds (0d 0h 3m 0s)

